<?xml version="1.0" encoding="UTF-8"?>
<!-- Generated by org.testng.reporters.JUnitReportReporter -->
<testsuite skipped="0" hostname="Pauls-AginicDS-MacBook-Pro.local" name="test.PowerBI_Test_Demo" tests="1" failures="0" timestamp="07 Nov 2018 05:52:12 GMT" time="2.766" errors="0">
  <testcase name="testGoogle" time="2.766" classname="test.PowerBI_Test_Demo"/>
</testsuite> <!-- test.PowerBI_Test_Demo -->
