<?xml version="1.0" encoding="UTF-8"?>
<!-- Generated by org.testng.reporters.JUnitReportReporter -->
<testsuite skipped="0" hostname="Pauls-AginicDS-MacBook-Pro.local" name="test.AginicDS_SmokeTest_Demo" tests="1" failures="0" timestamp="07 Nov 2018 05:52:12 GMT" time="15.059" errors="0">
  <testcase name="testAginicDS_SmokeTest" time="15.059" classname="test.AginicDS_SmokeTest_Demo"/>
</testsuite> <!-- test.AginicDS_SmokeTest_Demo -->
