<?xml version="1.0" encoding="UTF-8"?>
<!-- Generated by org.testng.reporters.JUnitReportReporter -->
<testsuite skipped="0" hostname="Pauls-AginicDS-MacBook-Pro.local" name="test.AginicDS_SmokeTest_Demo" tests="1" failures="0" timestamp="09 Nov 2018 02:44:34 GMT" time="16.051" errors="0">
  <testcase name="testAginicDS_SmokeTest" time="16.051" classname="test.AginicDS_SmokeTest_Demo"/>
</testsuite> <!-- test.AginicDS_SmokeTest_Demo -->
