<?xml version="1.0" encoding="UTF-8"?>
<!-- Generated by org.testng.reporters.JUnitReportReporter -->
<testsuite skipped="0" hostname="Pauls-AginicDS-MacBook-Pro.local" name="test.TestNG_Demo" tests="1" failures="0" timestamp="19 Oct 2018 02:26:31 GMT" time="4.154" errors="0">
  <testcase name="googleSearch" time="4.154" classname="test.TestNG_Demo"/>
</testsuite> <!-- test.TestNG_Demo -->
