<?xml version="1.0" encoding="UTF-8"?>
<!-- Generated by org.testng.reporters.JUnitReportReporter -->
<testsuite skipped="0" hostname="Pauls-AginicDS-MacBook-Pro.local" name="test.ExtentReportsDemoWithTestNG" tests="2" failures="0" timestamp="23 Oct 2018 04:28:18 GMT" time="18.972" errors="0">
  <testcase name="test2" time="12.037" classname="test.ExtentReportsDemoWithTestNG"/>
  <testcase name="test1" time="6.935" classname="test.ExtentReportsDemoWithTestNG"/>
</testsuite> <!-- test.ExtentReportsDemoWithTestNG -->
