<?xml version="1.0" encoding="UTF-8"?>
<!-- Generated by org.testng.reporters.JUnitReportReporter -->
<testsuite skipped="0" hostname="172-2-239-67.uvs.livnmi.sbcglobal.net" name="test.PowerBI_Test_Demo" tests="1" failures="0" timestamp="25 Oct 2018 04:22:43 GMT" time="5.102" errors="0">
  <testcase name="testGoogle" time="5.102" classname="test.PowerBI_Test_Demo"/>
</testsuite> <!-- test.PowerBI_Test_Demo -->
