<?xml version="1.0" encoding="UTF-8"?>
<!-- Generated by org.testng.reporters.JUnitReportReporter -->
<testsuite skipped="0" hostname="172-2-239-67.uvs.livnmi.sbcglobal.net" name="test.AginicDS_SmokeTest_Demo" tests="1" failures="0" timestamp="25 Oct 2018 04:21:39 GMT" time="32.598" errors="0">
  <testcase name="testAginicDS_SmokeTest" time="32.598" classname="test.AginicDS_SmokeTest_Demo"/>
</testsuite> <!-- test.AginicDS_SmokeTest_Demo -->
