<?xml version="1.0" encoding="UTF-8"?>
<!-- Generated by org.testng.reporters.JUnitReportReporter -->
<testsuite skipped="0" hostname="Pauls-AginicDS-MacBook-Pro.local" name="test.ExtentReportsDemoWithTestNG" tests="2" failures="0" timestamp="23 Oct 2018 00:17:23 GMT" time="9.984" errors="0">
  <testcase name="test2" time="3.457" classname="test.ExtentReportsDemoWithTestNG"/>
  <testcase name="test1" time="6.527" classname="test.ExtentReportsDemoWithTestNG"/>
</testsuite> <!-- test.ExtentReportsDemoWithTestNG -->
