<?xml version="1.0" encoding="UTF-8"?>
<!-- Generated by org.testng.reporters.JUnitReportReporter -->
<testsuite skipped="0" hostname="Pauls-AginicDS-MacBook-Pro.local" name="test.ExtentReportsDemoWithTestNG" tests="1" failures="0" timestamp="22 Oct 2018 23:17:58 GMT" time="6.477" errors="0">
  <testcase name="test1" time="6.477" classname="test.ExtentReportsDemoWithTestNG"/>
</testsuite> <!-- test.ExtentReportsDemoWithTestNG -->
